<?xml version="1.0" encoding="UTF-8"?>
<testng-results skipped="0" failed="0" ignored="0" total="1" passed="1">
  <reporter-output>
  </reporter-output>
  <suite name="Default suite" duration-ms="16255" started-at="2019-01-10T06:26:39Z" finished-at="2019-01-10T06:26:55Z">
    <groups>
    </groups>
    <test name="Default test" duration-ms="16255" started-at="2019-01-10T06:26:39Z" finished-at="2019-01-10T06:26:55Z">
      <class name="com.tests.NewTest2">
        <test-method status="PASS" signature="launchChrome()[pri:0, instance:com.tests.NewTest2@4520ebad]" name="launchChrome" duration-ms="16227" started-at="2019-01-10T11:56:39Z" finished-at="2019-01-10T11:56:55Z">
          <reporter-output>
          </reporter-output>
        </test-method> <!-- launchChrome -->
      </class> <!-- com.tests.NewTest2 -->
    </test> <!-- Default test -->
  </suite> <!-- Default suite -->
</testng-results>
